Name: fmt_fp, Address: 0x1609e60, Size: 0x240b, Padding: 0x0
Name: printf_core, Address: 0x160c660, Size: 0x1387, Padding: 0x9
Name: __cosrt_comp_info, Address: 0x1617000, Size: 0x1000, Padding: 0x0
Name: __thd_init_data, Address: 0x17ab200, Size: 0x1000, Padding: 0x0
Name: errmsg, Address: 0x1610720, Size: 0x71f, Padding: 0x1
Name: fmt_fp.cold, Address: 0x16098c9, Size: 0x58f, Padding: 0x8
Name: missing_captbl_node_expand, Address: 0x1603b90, Size: 0x4f2, Padding: 0xe
Name: cos_ulk_info_init, Address: 0x16062e0, Size: 0x476, Padding: 0xa
Name: cos_ulk_pgtbl_create, Address: 0x1605ec0, Size: 0x413, Padding: 0xd
Name: printf_core.cold, Address: 0x160c26b, Size: 0x3ec, Padding: 0x9
('__cosrt_upcall_entry',)
('comparison:',)
(0,)
(0,)
(0,)
('custom_acquire_stack',)
('comparison:',)
(0,)
(0,)
(0,)
('0x1602373', 'movabs', 'rsp, 0x161a000')
('rsp now is:23175168',)
('0x1602387', 'add', 'rsp, rax')
('rsp now is:23175168',)
('0x16023af', 'push', 'rdx')
('rsp now is:23175160',)
('0x16023b0', 'push', 'rax')
('rsp now is:23175152',)
('0x16023b1', 'push', '0')
('rsp now is:23175144',)
('0x16023b3', 'push', '0')
('rsp now is:23175136',)
('0x16023ba', 'push', '0')
('rsp now is:23175128',)
('0x16023c1', 'sub', 'rsp, 0x10')
('rsp now is:23175112',)
('0x16023d4', 'and', 'rsp, 0xfffffffffffffff0')
('rsp now is:23175104',)
('0x16023d8', 'call', '0x1601df0')
('rsp now is:23175096',)
('cos_upcall_fn',)
('comparison:',)
(23175096,)
(0,)
(-23175096,)
('0x1601df4', 'push', 'rbp')
('rsp now is:-8',)
('0x1601dfc', 'mov', 'rbp, rsp')
('rsp now is:-8',)
('0x1601dff', 'push', 'r14')
('rsp now is:-16',)
('0x1601e01', 'push', 'r13')
('rsp now is:-24',)
('0x1601e03', 'push', 'r12')
('rsp now is:-32',)
('0x1601e08', 'push', 'rbx')
('rsp now is:-40',)
('0x1601e2e', 'call', '0x1601b20')
('rsp now is:-48',)
('libc_tls_init',)
('comparison:',)
(-48,)
(23175096,)
(23175144,)
('0x1601b24', 'ret', '')
('rsp now is:8',)
('0x1601f5f', 'call', '0x1608450')
('rsp now is:0',)
('cos_hw_cycles_per_usec',)
('comparison:',)
(0,)
(-48,)
(-48,)
('0x16084d0', 'ret', '')
('rsp now is:8',)
('0x1601f92', 'call', '0x16089b0')
('rsp now is:0',)
('init_parallelism',)
('comparison:',)
(0,)
(0,)
(0,)
('0x16089b9', 'ret', '')
('rsp now is:8',)
('0x1601fe8', 'call', '0x1601700')
('rsp now is:0',)
('__cosrt_extern_init_parallel_await_init',)
('comparison:',)
(0,)
(0,)
(0,)
('0x1601712', 'ret', '')
('rsp now is:8',)
('0x160200d', 'call', '0x1601720')
('rsp now is:0',)
('__cosrt_extern_init_done',)
('comparison:',)
(0,)
(0,)
(0,)
('0x160172c', 'ret', '')
('rsp now is:8',)
('0x16020b4', 'call', '0x1601ce0')
('rsp now is:0',)
('prints.isra.0',)
('comparison:',)
(0,)
(0,)
(0,)
('0x1601ce0', 'push', 'rbp')
('rsp now is:-8',)
('0x1601ce1', 'mov', 'rbp, rsp')
('rsp now is:-8',)
('0x1601ce4', 'push', 'r12')
('rsp now is:-16',)
('0x1601ce9', 'sub', 'rsp, 8')
('rsp now is:-24',)
('0x1601ced', 'call', '0x1609140')
('rsp now is:-32',)
('strlen',)
('comparison:',)
(-32,)
(0,)
(32,)
('0x16091bc', 'ret', '')
('rsp now is:8',)
('0x1601cf9', 'leave', '')
('rsp now is:8',)
('cos_print_str',)
('comparison:',)
(8,)
(-32,)
(-40,)
('0x1601c22', 'ret', '')
('rsp now is:8',)
('0x16020e0', 'call', '0x16000b0')
('rsp now is:0',)
('cos_init',)
('comparison:',)
(0,)
(8,)
(8,)
('0x16000b4', 'push', 'rbp')
('rsp now is:-8',)
('0x16000bc', 'mov', 'rbp, rsp')
('rsp now is:-8',)
('0x16000bf', 'push', 'r13')
('rsp now is:-16',)
('0x16000c1', 'push', 'r12')
('rsp now is:-24',)
('0x16000c3', 'push', 'rbx')
('rsp now is:-32',)
('0x16000c4', 'sub', 'rsp, 0x38')
('rsp now is:-88',)
('0x16000e7', 'call', '0x1600000')
('rsp now is:-96',)
('printc',)
('comparison:',)
(-96,)
(0,)
(96,)
('0x1600000', 'push', 'rbp')
('rsp now is:-8',)
('0x1600004', 'mov', 'rbp, rsp')
('rsp now is:-8',)
('0x1600007', 'sub', 'rsp, 0x190')
('rsp now is:-408',)
('0x1600098', 'call', '0x1609030')
('rsp now is:-416',)
('vsnprintf',)
('comparison:',)
(-416,)
(-96,)
(320,)
('0x1609037', 'sub', 'rsp, 0x118')
('rsp now is:-280',)
('0x1609049', 'lea', 'r9, [rsp + 0x20]')
('rsp now is:-280',)
('0x1609062', 'lea', 'r8, [rsp + 0xf]')
('rsp now is:-280',)
('0x160907b', 'lea', 'rax, [rsp + 0xe]')
('rsp now is:-280',)
('0x1609085', 'lea', 'rax, [rsp + 0x10]')
('rsp now is:-280',)
('0x16090af', 'call', '0x160d9f0')
('rsp now is:-288',)
('vfprintf',)
('comparison:',)
(-288,)
(-416,)
(-128,)
('0x160d9f4', 'push', 'r15')
('rsp now is:-8',)
('0x160d9fa', 'push', 'r14')
('rsp now is:-16',)
('0x160d9fc', 'push', 'r13')
('rsp now is:-24',)
('0x160da01', 'push', 'r12')
('rsp now is:-32',)
('0x160da03', 'push', 'rbp')
('rsp now is:-40',)
('0x160da09', 'push', 'rbx')
('rsp now is:-48',)
('0x160da0a', 'sub', 'rsp, 0x168')
('rsp now is:-408',)
('0x160da16', 'lea', 'r14, [rsp + 0x28]')
('rsp now is:-408',)
('0x160da1b', 'lea', 'r8, [rsp + 0x40]')
('rsp now is:-408',)
('0x160da25', 'lea', 'r15, [rsp + 0xc0]')
('rsp now is:-408',)
('0x160da53', 'call', '0x160c660')
('rsp now is:-416',)
('printf_core',)
('comparison:',)
(-416,)
(-288,)
(128,)
('0x160c660', 'push', 'r15')
('rsp now is:-8',)
('0x160c665', 'push', 'r14')
('rsp now is:-16',)
('0x160c66a', 'push', 'r13')
('rsp now is:-24',)
('0x160c66c', 'push', 'r12')
('rsp now is:-32',)
('0x160c66e', 'push', 'rbp')
('rsp now is:-40',)
('0x160c66f', 'push', 'rbx')
('rsp now is:-48',)
('0x160c670', 'sub', 'rsp, 0x1b8')
('rsp now is:-488',)
('0x160c905', 'add', 'rsp, 0x1b8')
('rsp now is:-48',)
('0x160c90c', 'pop', 'rbx')
('rsp now is:-40',)
('0x160c90d', 'pop', 'rbp')
('rsp now is:-32',)
('0x160c90e', 'pop', 'r12')
('rsp now is:-24',)
('0x160c910', 'pop', 'r13')
('rsp now is:-16',)
('0x160c912', 'pop', 'r14')
('rsp now is:-8',)
('0x160c914', 'pop', 'r15')
('rsp now is:0',)
('0x160c916', 'ret', '')
('rsp now is:8',)
('0x160da7a', 'call', '0x160ded0')
('rsp now is:0',)
('__lockfile',)
('comparison:',)
(0,)
(-416,)
(-416,)
('0x160ded4', 'push', 'r13')
('rsp now is:-8',)
('0x160ded9', 'push', 'r12')
('rsp now is:-16',)
('0x160dedb', 'push', 'rbp')
('rsp now is:-24',)
('0x160dedc', 'push', 'rbx')
('rsp now is:-32',)
('0x160dee6', 'sub', 'rsp, 8')
('rsp now is:-40',)
('0x160dfb6', 'add', 'rsp, 8')
('rsp now is:-32',)
('0x160dfbd', 'pop', 'rbx')
('rsp now is:-24',)
('0x160dfbe', 'pop', 'rbp')
('rsp now is:-16',)
('0x160dfbf', 'pop', 'r12')
('rsp now is:-8',)
('0x160dfc1', 'pop', 'r13')
('rsp now is:0',)
('0x160dfc3', 'ret', '')
('rsp now is:8',)
('0x160db48', 'lea', 'rax, [rsp + 0x70]')
('rsp now is:8',)
('0x160db7b', 'call', '0x160e050')
('rsp now is:0',)
('__towrite',)
('comparison:',)
(0,)
(0,)
(0,)
('0x160e096', 'ret', '')
('rsp now is:8',)
('0x160daca', 'call', '0x160c660')
('rsp now is:0',)
('printf_core',)
('comparison:',)
(0,)
(0,)
(0,)
('0x160c660', 'push', 'r15')
('rsp now is:-8',)
('0x160c665', 'push', 'r14')
('rsp now is:-16',)
('0x160c66a', 'push', 'r13')
('rsp now is:-24',)
('0x160c66c', 'push', 'r12')
('rsp now is:-32',)
('0x160c66e', 'push', 'rbp')
('rsp now is:-40',)
('0x160c66f', 'push', 'rbx')
('rsp now is:-48',)
('0x160c670', 'sub', 'rsp, 0x1b8')
('rsp now is:-488',)
('0x160ca29', 'call', '0x1609680')
('rsp now is:-496',)
('__errno_location',)
('comparison:',)
(-496,)
(0,)
(496,)
('0x160968b', 'ret', '')
('rsp now is:8',)
('0x160c8ee', 'call', '0x1609680')
('rsp now is:0',)
('__errno_location',)
('comparison:',)
(0,)
(-496,)
(-496,)
('0x160968b', 'ret', '')
('rsp now is:8',)
('0x160c905', 'add', 'rsp, 0x1b8')
('rsp now is:448',)
('0x160c90c', 'pop', 'rbx')
('rsp now is:456',)
('0x160c90d', 'pop', 'rbp')
('rsp now is:464',)
('0x160c90e', 'pop', 'r12')
('rsp now is:472',)
('0x160c910', 'pop', 'r13')
('rsp now is:480',)
('0x160c912', 'pop', 'r14')
('rsp now is:488',)
('0x160c914', 'pop', 'r15')
('rsp now is:496',)
('0x160c916', 'ret', '')
('rsp now is:504',)
('0x160db2d', 'add', 'rsp, 0x168')
('rsp now is:864',)
('0x160db37', 'pop', 'rbx')
('rsp now is:872',)
('0x160db38', 'pop', 'rbp')
('rsp now is:880',)
('0x160db39', 'pop', 'r12')
('rsp now is:888',)
('0x160db3b', 'pop', 'r13')
('rsp now is:896',)
('0x160db3d', 'pop', 'r14')
('rsp now is:904',)
('0x160db3f', 'pop', 'r15')
('rsp now is:912',)
('0x160db41', 'ret', '')
('rsp now is:920',)
('0x16090b4', 'add', 'rsp, 0x118')
('rsp now is:1200',)
('0x16090bb', 'ret', '')
('rsp now is:1208',)
('0x16000a6', 'call', '0x1601b70')
('rsp now is:1200',)
('cos_print_str',)
('comparison:',)
(1200,)
(0,)
(-1200,)
('0x1601b7c', 'push', 'rbp')
('rsp now is:-8',)
('0x1601b80', 'mov', 'rbp, rsp')
('rsp now is:-8',)
('0x1601b83', 'push', 'r15')
('rsp now is:-16',)
('0x1601b85', 'push', 'r14')
('rsp now is:-24',)
('0x1601b8e', 'push', 'r13')
('rsp now is:-32',)
('0x1601b93', 'push', 'r12')
('rsp now is:-40',)
('0x1601b95', 'push', 'rbx')
('rsp now is:-48',)
('0x1601bf4', 'pop', 'rbp')
('rsp now is:-40',)
('0x1601bf5', 'pop', 'rsp')
('rsp now is:-32',)
('0x1601c0b', 'pop', 'rbx')
('rsp now is:-24',)
('0x1601c0c', 'pop', 'r12')
('rsp now is:-16',)
('0x1601c0e', 'pop', 'r13')
('rsp now is:-8',)
('0x1601c10', 'pop', 'r14')
('rsp now is:0',)
('0x1601c12', 'pop', 'r15')
('rsp now is:8',)
('0x1601c14', 'pop', 'rbp')
('rsp now is:16',)
('0x1601c15', 'ret', '')
('rsp now is:24',)
('0x16000ab', 'leave', '')
('rsp now is:24',)
('0x16000ac', 'ret', '')
('rsp now is:32',)
('0x16000ec', 'call', '0x1600770')
('rsp now is:24',)
('__cosrt_extern_pong_call',)
('comparison:',)
(24,)
(1200,)
(1176,)
('0x160077c', 'ret', '')
('rsp now is:8',)
('0x16000f1', 'call', '0x1600910')
('rsp now is:0',)
('pong_ret',)
('comparison:',)
(0,)
(24,)
(24,)
('0x160091c', 'ret', '')
('rsp now is:8',)
('0x1600104', 'call', '0x1600ab0')
('rsp now is:0',)
('__cosrt_extern_pong_arg',)
('comparison:',)
(0,)
(0,)
(0,)
('0x1600abc', 'ret', '')
('rsp now is:8',)
('0x1600128', 'call', '0x1600c50')
('rsp now is:0',)
('__cosrt_extern_pong_args',)
('comparison:',)
(0,)
(0,)
(0,)
('0x1600c5c', 'ret', '')
('rsp now is:8',)
('0x1600152', 'call', '0x1600fa0')
('rsp now is:0',)
('__cosrt_extern_pong_argsrets',)
('comparison:',)
(0,)
(0,)
(0,)
('0x1600fac', 'ret', '')
('rsp now is:8',)
('0x1600190', 'call', '0x1600df0')
('rsp now is:0',)
('pong_wideargs',)
('comparison:',)
(0,)
(0,)
(0,)
('0x1600dfc', 'ret', '')
('rsp now is:8',)
('0x16001a4', 'call', '0x1601150')
('rsp now is:0',)
('__cosrt_extern_pong_widerets',)
('comparison:',)
(0,)
(0,)
(0,)
('0x160115c', 'ret', '')
('rsp now is:8',)
('0x16001c9', 'call', '0x1600df0')
('rsp now is:0',)
('pong_wideargs',)
('comparison:',)
(0,)
(0,)
(0,)
('0x1600dfc', 'ret', '')
('rsp now is:8',)
('0x16001e1', 'call', '0x1601150')
('rsp now is:0',)
('__cosrt_extern_pong_widerets',)
('comparison:',)
(0,)
(0,)
(0,)
('0x160115c', 'ret', '')
('rsp now is:8',)
('0x16001fe', 'call', '0x1601300')
('rsp now is:0',)
('__cosrt_extern_pong_subset',)
('comparison:',)
(0,)
(0,)
(0,)
('0x160130c', 'ret', '')
('rsp now is:8',)
('0x160021f', 'call', '0x16014b0')
('rsp now is:0',)
('pong_ids',)
('comparison:',)
(0,)
(0,)
(0,)
('0x16014bc', 'ret', '')
('rsp now is:8',)
('0x1600227', 'mov', 'rax, rsp')
('rsp now is:8',)
('0x160037a', 'call', '0x1601b70')
('rsp now is:0',)
('cos_print_str',)
('comparison:',)
(0,)
(0,)
(0,)
('0x1601b7c', 'push', 'rbp')
('rsp now is:-8',)
('0x1601b80', 'mov', 'rbp, rsp')
('rsp now is:-8',)
('0x1601b83', 'push', 'r15')
('rsp now is:-16',)
('0x1601b85', 'push', 'r14')
('rsp now is:-24',)
('0x1601b8e', 'push', 'r13')
('rsp now is:-32',)
('0x1601b93', 'push', 'r12')
('rsp now is:-40',)
('0x1601b95', 'push', 'rbx')
('rsp now is:-48',)
('0x1601c0b', 'pop', 'rbx')
('rsp now is:-40',)
('0x1601c0c', 'pop', 'r12')
('rsp now is:-32',)
('0x1601c0e', 'pop', 'r13')
('rsp now is:-24',)
('0x1601c10', 'pop', 'r14')
('rsp now is:-16',)
('0x1601c12', 'pop', 'r15')
('rsp now is:-8',)
('0x1601c14', 'pop', 'rbp')
('rsp now is:0',)
('0x1601c15', 'ret', '')
('rsp now is:8',)
('0x1600396', 'call', '0x1601b70')
('rsp now is:0',)
('cos_print_str',)
('comparison:',)
(0,)
(0,)
(0,)
('0x1601b7c', 'push', 'rbp')
('rsp now is:-8',)
('0x1601b80', 'mov', 'rbp, rsp')
('rsp now is:-8',)
('0x1601b83', 'push', 'r15')
('rsp now is:-16',)
('0x1601b85', 'push', 'r14')
('rsp now is:-24',)
('0x1601b8e', 'push', 'r13')
('rsp now is:-32',)
('0x1601b93', 'push', 'r12')
('rsp now is:-40',)
('0x1601b95', 'push', 'rbx')
('rsp now is:-48',)
('0x1601bf4', 'pop', 'rbp')
('rsp now is:-40',)
('0x1601bf5', 'pop', 'rsp')
('rsp now is:-32',)
('0x1601c0b', 'pop', 'rbx')
('rsp now is:-24',)
('0x1601c0c', 'pop', 'r12')
('rsp now is:-16',)
('0x1601c0e', 'pop', 'r13')
('rsp now is:-8',)
('0x1601c10', 'pop', 'r14')
('rsp now is:0',)
('0x1601c12', 'pop', 'r15')
('rsp now is:8',)
('0x1601c14', 'pop', 'rbp')
('rsp now is:16',)
('0x1601c15', 'ret', '')
('rsp now is:24',)
('0x16003b2', 'call', '0x1601b70')
('rsp now is:16',)
('cos_print_str',)
('comparison:',)
(16,)
(0,)
(-16,)
('0x1601b7c', 'push', 'rbp')
('rsp now is:-8',)
('0x1601b80', 'mov', 'rbp, rsp')
('rsp now is:-8',)
('0x1601b83', 'push', 'r15')
('rsp now is:-16',)
('0x1601b85', 'push', 'r14')
('rsp now is:-24',)
('0x1601b8e', 'push', 'r13')
('rsp now is:-32',)
('0x1601b93', 'push', 'r12')
('rsp now is:-40',)
('0x1601b95', 'push', 'rbx')
('rsp now is:-48',)
('0x1601bf4', 'pop', 'rbp')
('rsp now is:-40',)
('0x1601bf5', 'pop', 'rsp')
('rsp now is:-32',)
('0x1601c0b', 'pop', 'rbx')
('rsp now is:-24',)
('0x1601c0c', 'pop', 'r12')
('rsp now is:-16',)
('0x1601c0e', 'pop', 'r13')
('rsp now is:-8',)
('0x1601c10', 'pop', 'r14')
('rsp now is:0',)
('0x1601c12', 'pop', 'r15')
('rsp now is:8',)
('0x1601c14', 'pop', 'rbp')
('rsp now is:16',)
('0x1601c15', 'ret', '')
('rsp now is:24',)
('0x16003ce', 'call', '0x1601b70')
('rsp now is:16',)
('cos_print_str',)
('comparison:',)
(16,)
(16,)
(0,)
('0x1601b7c', 'push', 'rbp')
('rsp now is:-8',)
('0x1601b80', 'mov', 'rbp, rsp')
('rsp now is:-8',)
('0x1601b83', 'push', 'r15')
('rsp now is:-16',)
('0x1601b85', 'push', 'r14')
('rsp now is:-24',)
('0x1601b8e', 'push', 'r13')
('rsp now is:-32',)
('0x1601b93', 'push', 'r12')
('rsp now is:-40',)
('0x1601b95', 'push', 'rbx')
('rsp now is:-48',)
('0x1601bf4', 'pop', 'rbp')
('rsp now is:-40',)
('0x1601bf5', 'pop', 'rsp')
('rsp now is:-32',)
('0x1601c0b', 'pop', 'rbx')
('rsp now is:-24',)
('0x1601c0c', 'pop', 'r12')
('rsp now is:-16',)
('0x1601c0e', 'pop', 'r13')
('rsp now is:-8',)
('0x1601c10', 'pop', 'r14')
('rsp now is:0',)
('0x1601c12', 'pop', 'r15')
('rsp now is:8',)
('0x1601c14', 'pop', 'rbp')
('rsp now is:16',)
('0x1601c15', 'ret', '')
('rsp now is:24',)
('0x16003ea', 'call', '0x1601b70')
('rsp now is:16',)
('cos_print_str',)
('comparison:',)
(16,)
(16,)
(0,)
('0x1601b7c', 'push', 'rbp')
('rsp now is:-8',)
('0x1601b80', 'mov', 'rbp, rsp')
('rsp now is:-8',)
('0x1601b83', 'push', 'r15')
('rsp now is:-16',)
('0x1601b85', 'push', 'r14')
('rsp now is:-24',)
('0x1601b8e', 'push', 'r13')
('rsp now is:-32',)
('0x1601b93', 'push', 'r12')
('rsp now is:-40',)
('0x1601b95', 'push', 'rbx')
('rsp now is:-48',)
('0x1601bf4', 'pop', 'rbp')
('rsp now is:-40',)
('0x1601bf5', 'pop', 'rsp')
('rsp now is:-32',)
('0x1601c0b', 'pop', 'rbx')
('rsp now is:-24',)
('0x1601c0c', 'pop', 'r12')
('rsp now is:-16',)
('0x1601c0e', 'pop', 'r13')
('rsp now is:-8',)
('0x1601c10', 'pop', 'r14')
('rsp now is:0',)
('0x1601c12', 'pop', 'r15')
('rsp now is:8',)
('0x1601c14', 'pop', 'rbp')
('rsp now is:16',)
('0x1601c15', 'ret', '')
('rsp now is:24',)
('0x1600406', 'call', '0x1601b70')
('rsp now is:16',)
('cos_print_str',)
('comparison:',)
(16,)
(16,)
(0,)
('0x1601b7c', 'push', 'rbp')
('rsp now is:-8',)
('0x1601b80', 'mov', 'rbp, rsp')
('rsp now is:-8',)
('0x1601b83', 'push', 'r15')
('rsp now is:-16',)
('0x1601b85', 'push', 'r14')
('rsp now is:-24',)
('0x1601b8e', 'push', 'r13')
('rsp now is:-32',)
('0x1601b93', 'push', 'r12')
('rsp now is:-40',)
('0x1601b95', 'push', 'rbx')
('rsp now is:-48',)
('0x1601bf4', 'pop', 'rbp')
('rsp now is:-40',)
('0x1601bf5', 'pop', 'rsp')
('rsp now is:-32',)
('0x1601c0b', 'pop', 'rbx')
('rsp now is:-24',)
('0x1601c0c', 'pop', 'r12')
('rsp now is:-16',)
('0x1601c0e', 'pop', 'r13')
('rsp now is:-8',)
('0x1601c10', 'pop', 'r14')
('rsp now is:0',)
('0x1601c12', 'pop', 'r15')
('rsp now is:8',)
('0x1601c14', 'pop', 'rbp')
('rsp now is:16',)
('0x1601c15', 'ret', '')
('rsp now is:24',)
('0x1601bf4', 'pop', 'rbp')
('rsp now is:32',)
('0x1601bf5', 'pop', 'rsp')
('rsp now is:40',)
('0x1601c0b', 'pop', 'rbx')
('rsp now is:48',)
('0x1601c0c', 'pop', 'r12')
('rsp now is:56',)
('0x1601c0e', 'pop', 'r13')
('rsp now is:64',)
('0x1601c10', 'pop', 'r14')
('rsp now is:72',)
('0x1601c12', 'pop', 'r15')
('rsp now is:80',)
('0x1601c14', 'pop', 'rbp')
('rsp now is:88',)
('0x1601c15', 'ret', '')
('rsp now is:96',)
('0x16020f4', 'call', '0x1601720')
('rsp now is:88',)
('__cosrt_extern_init_done',)
('comparison:',)
(88,)
(16,)
(-72,)
('0x160172c', 'ret', '')
('rsp now is:8',)
('0x160210b', 'call', '0x1601ce0')
('rsp now is:0',)
('prints.isra.0',)
('comparison:',)
(0,)
(88,)
(88,)
('0x1601ce0', 'push', 'rbp')
('rsp now is:-8',)
('0x1601ce1', 'mov', 'rbp, rsp')
('rsp now is:-8',)
('0x1601ce4', 'push', 'r12')
('rsp now is:-16',)
('0x1601ce9', 'sub', 'rsp, 8')
('rsp now is:-24',)
('0x1601ced', 'call', '0x1609140')
('rsp now is:-32',)
('strlen',)
('comparison:',)
(-32,)
(0,)
(32,)
('0x1609160', 'ret', '')
('rsp now is:8',)
('0x1601cf9', 'leave', '')
('rsp now is:8',)
('cos_thd_entry_static',)
('comparison:',)
(8,)
(-32,)
(-40,)
('0x1601d14', 'push', 'rbp')
('rsp now is:-8',)
('0x1601d1f', 'mov', 'rbp, rsp')
('rsp now is:-8',)
('0x1601d22', 'call', '0x1601b70')
('rsp now is:-16',)
('cos_print_str',)
('comparison:',)
(-16,)
(8,)
(24,)
('0x1601b7c', 'push', 'rbp')
('rsp now is:-8',)
('0x1601b80', 'mov', 'rbp, rsp')
('rsp now is:-8',)
('0x1601b83', 'push', 'r15')
('rsp now is:-16',)
('0x1601b85', 'push', 'r14')
('rsp now is:-24',)
('0x1601b8e', 'push', 'r13')
('rsp now is:-32',)
('0x1601b93', 'push', 'r12')
('rsp now is:-40',)
('0x1601b95', 'push', 'rbx')
('rsp now is:-48',)
('0x1601bf4', 'pop', 'rbp')
('rsp now is:-40',)
('0x1601bf5', 'pop', 'rsp')
('rsp now is:-32',)
('0x1601c0b', 'pop', 'rbx')
('rsp now is:-24',)
('0x1601c0c', 'pop', 'r12')
('rsp now is:-16',)
('0x1601c0e', 'pop', 'r13')
('rsp now is:-8',)
('0x1601c10', 'pop', 'r14')
('rsp now is:0',)
('0x1601c12', 'pop', 'r15')
('rsp now is:8',)
('0x1601c14', 'pop', 'rbp')
('rsp now is:16',)
('0x1601c15', 'ret', '')
('rsp now is:24',)
('0x1601bf4', 'pop', 'rbp')
('rsp now is:32',)
('0x1601bf5', 'pop', 'rsp')
('rsp now is:40',)
('0x1601c0b', 'pop', 'rbx')
('rsp now is:48',)
('0x1601c0c', 'pop', 'r12')
('rsp now is:56',)
('0x1601c0e', 'pop', 'r13')
('rsp now is:64',)
('0x1601c10', 'pop', 'r14')
('rsp now is:72',)
('0x1601c12', 'pop', 'r15')
('rsp now is:80',)
('0x1601c14', 'pop', 'rbp')
('rsp now is:88',)
('0x1601c15', 'ret', '')
('rsp now is:96',)
('0x1602122', 'call', '0x1601ce0')
('rsp now is:88',)
('prints.isra.0',)
('comparison:',)
(88,)
(-16,)
(-104,)
('0x1601ce0', 'push', 'rbp')
('rsp now is:-8',)
('0x1601ce1', 'mov', 'rbp, rsp')
('rsp now is:-8',)
('0x1601ce4', 'push', 'r12')
('rsp now is:-16',)
('0x1601ce9', 'sub', 'rsp, 8')
('rsp now is:-24',)
('0x1601ced', 'call', '0x1609140')
('rsp now is:-32',)
('strlen',)
('comparison:',)
(-32,)
(88,)
(120,)
('0x1609160', 'ret', '')
('rsp now is:8',)
('0x1601cf9', 'leave', '')
('rsp now is:8',)
('cos_thd_entry_static',)
('comparison:',)
(8,)
(-32,)
(-40,)
('0x1601d14', 'push', 'rbp')
('rsp now is:-8',)
('0x1601d1f', 'mov', 'rbp, rsp')
('rsp now is:-8',)
('0x1601d22', 'call', '0x1601b70')
('rsp now is:-16',)
('cos_print_str',)
('comparison:',)
(-16,)
(8,)
(24,)
('0x1601b7c', 'push', 'rbp')
('rsp now is:-8',)
('0x1601b80', 'mov', 'rbp, rsp')
('rsp now is:-8',)
('0x1601b83', 'push', 'r15')
('rsp now is:-16',)
('0x1601b85', 'push', 'r14')
('rsp now is:-24',)
('0x1601b8e', 'push', 'r13')
('rsp now is:-32',)
('0x1601b93', 'push', 'r12')
('rsp now is:-40',)
('0x1601b95', 'push', 'rbx')
('rsp now is:-48',)
('0x1601bf4', 'pop', 'rbp')
('rsp now is:-40',)
('0x1601bf5', 'pop', 'rsp')
('rsp now is:-32',)
('0x1601c0b', 'pop', 'rbx')
('rsp now is:-24',)
('0x1601c0c', 'pop', 'r12')
('rsp now is:-16',)
('0x1601c0e', 'pop', 'r13')
('rsp now is:-8',)
('0x1601c10', 'pop', 'r14')
('rsp now is:0',)
('0x1601c12', 'pop', 'r15')
('rsp now is:8',)
('0x1601c14', 'pop', 'rbp')
('rsp now is:16',)
('0x1601c15', 'ret', '')
('rsp now is:24',)
('0x1601bf4', 'pop', 'rbp')
('rsp now is:32',)
('0x1601bf5', 'pop', 'rsp')
('rsp now is:40',)
('0x1601c0b', 'pop', 'rbx')
('rsp now is:48',)
('0x1601c0c', 'pop', 'r12')
('rsp now is:56',)
('0x1601c0e', 'pop', 'r13')
('rsp now is:64',)
('0x1601c10', 'pop', 'r14')
('rsp now is:72',)
('0x1601c12', 'pop', 'r15')
('rsp now is:80',)
('0x1601c14', 'pop', 'rbp')
('rsp now is:88',)
('0x1601c15', 'ret', '')
('rsp now is:96',)
('0x1602139', 'call', '0x1601ce0')
('rsp now is:88',)
('prints.isra.0',)
('comparison:',)
(88,)
(-16,)
(-104,)
('0x1601ce0', 'push', 'rbp')
('rsp now is:-8',)
('0x1601ce1', 'mov', 'rbp, rsp')
('rsp now is:-8',)
('0x1601ce4', 'push', 'r12')
('rsp now is:-16',)
('0x1601ce9', 'sub', 'rsp, 8')
('rsp now is:-24',)
('0x1601ced', 'call', '0x1609140')
('rsp now is:-32',)
('strlen',)
('comparison:',)
(-32,)
(88,)
(120,)
('0x1609160', 'ret', '')
('rsp now is:8',)
('0x1601cf9', 'leave', '')
('rsp now is:8',)
('cos_thd_entry_static',)
('comparison:',)
(8,)
(-32,)
(-40,)
('0x1601d14', 'push', 'rbp')
('rsp now is:-8',)
('0x1601d1f', 'mov', 'rbp, rsp')
('rsp now is:-8',)
('0x1601d22', 'call', '0x1601b70')
('rsp now is:-16',)
('cos_print_str',)
('comparison:',)
(-16,)
(8,)
(24,)
('0x1601b7c', 'push', 'rbp')
('rsp now is:-8',)
('0x1601b80', 'mov', 'rbp, rsp')
('rsp now is:-8',)
('0x1601b83', 'push', 'r15')
('rsp now is:-16',)
('0x1601b85', 'push', 'r14')
('rsp now is:-24',)
('0x1601b8e', 'push', 'r13')
('rsp now is:-32',)
('0x1601b93', 'push', 'r12')
('rsp now is:-40',)
('0x1601b95', 'push', 'rbx')
('rsp now is:-48',)
('0x1601bf4', 'pop', 'rbp')
('rsp now is:-40',)
('0x1601bf5', 'pop', 'rsp')
('rsp now is:-32',)
('0x1601c0b', 'pop', 'rbx')
('rsp now is:-24',)
('0x1601c0c', 'pop', 'r12')
('rsp now is:-16',)
('0x1601c0e', 'pop', 'r13')
('rsp now is:-8',)
('0x1601c10', 'pop', 'r14')
('rsp now is:0',)
('0x1601c12', 'pop', 'r15')
('rsp now is:8',)
('0x1601c14', 'pop', 'rbp')
('rsp now is:16',)
('0x1601c15', 'ret', '')
('rsp now is:24',)
('0x1601bf4', 'pop', 'rbp')
('rsp now is:32',)
('0x1601bf5', 'pop', 'rsp')
('rsp now is:40',)
('0x1601c0b', 'pop', 'rbx')
('rsp now is:48',)
('0x1601c0c', 'pop', 'r12')
('rsp now is:56',)
('0x1601c0e', 'pop', 'r13')
('rsp now is:64',)
('0x1601c10', 'pop', 'r14')
('rsp now is:72',)
('0x1601c12', 'pop', 'r15')
('rsp now is:80',)
('0x1601c14', 'pop', 'rbp')
('rsp now is:88',)
('0x1601c15', 'ret', '')
('rsp now is:96',)
('cos_get_vas_page',)
('comparison:',)
(96,)
(-16,)
(-112,)
('0x1602154', 'push', 'rbp')
('rsp now is:-8',)
('0x1602155', 'mov', 'rbp, rsp')
('rsp now is:-8',)
('0x1602158', 'push', 'rbx')
('rsp now is:-16',)
('0x160216e', 'call', '0x16023f0')
('rsp now is:-24',)
('cos_atomic_cmpxchg',)
('comparison:',)
(-24,)
(96,)
(120,)
('0x16023f0', 'ret', '')
('rsp now is:8',)
('0x160217c', 'leave', '')
('rsp now is:8',)
('0x160217d', 'ret', '')
('rsp now is:16',)
('0x16023e0', 'pop', 'rsi')
('rsp now is:48',)
('0x16023e1', 'pop', 'rdi')
('rsp now is:56',)
({('0x1601b70', '0x1601b70'), ('0x160c660', '0x160c901'), ('0x1600df0', '0x1601150'), ('0x1608450', '0x1601f92'), ('0x160c660', '0x160d85d'), ('0x1601150', '0x1601300'), ('0x1601d10', '0x1601b70'), ('0x1601720', '0x16020af'), ('0x1608450', '0x1601f07'), ('0x1609030', '0x160d9f0'), ('0x160ded0', '0x160daa4'), ('0x160d9f0', '0x160c660'), ('0x1609680', '0x160c8ab'), ('0x1601b20', '0x1608450'), ('0x1601ce0', '0x1609140'), ('0x1600c50', '0x1600fa0'), ('0x1601b70', '0x1601720'), ('0x1601b70', '0x1600770'), ('0x1601b70', '0x1601bef'), ('0x1601b70', '0x1601bf4'), ('0x1609680', '0x160c7f5'), ('0x16089b0', '0x1601700'), ('0x1609140', '0x1609168'), ('0x16014b0', '0x1601b70'), ('0x16089b0', '0x1601fe3'), ('0x1600ab0', '0x1600c50'), ('0x160ded0', '0x160db48'), ('0x1609680', '0x160db0b'), ('0x160ded0', '0x160dfb6'), ('0x160e050', '0x160c660'), ('0x1609680', '0x160c901'), ('0x1600000', '0x1600055'), ('0x160e050', '0x160dabe'), ('0x1601b20', '0x1601eed'), ('0x160c660', '0x1609680'), ('0x1609680', '0x160c8e3'), ('0x160c660', '0x160cbb2'), ('0x1601b20', '0x1601f5a'), ('0x1601300', '0x16014b0'), ('0x16000b0', '0x1600000'), ('0x1609140', '0x1609190'), ('0x1601720', '0x1601ce0'), ('0x1609680', '0x160cb67'), ('0x1600910', '0x1600ab0'), ('0x1600fa0', '0x1600df0'), ('0x1601150', '0x1600df0'), ('0x160c660', '0x160c6dd'), ('0x1609140', '0x16091b4'), ('0x1608450', '0x16084d0'), ('0x16023a0', '0x1602370'), ('0x1601df0', '0x1601e10'), ('0x1601b70', '0x16000b0'), ('0x160c660', '0x160c6c5'), ('0x1601b70', '0x1601ba8'), ('0x1609140', '0x1601b70'), ('0x1602150', '0x16023f0'), ('0x160ded0', '0x160e050'), ('0x160c660', '0x160ca29'), ('0x160c660', '0x160c6d0'), ('0x1609680', '0x1601b70'), ('0x1608450', '0x16089b0'), ('0x1601700', '0x1602008'), ('0x1601b70', '0x1601fe3'), ('0x16089b0', '0x16020c6'), ('0x1600770', '0x1600910'), ('0x1600000', '0x1609030'), ('0x160c660', '0x160ded0'), ('0x1601b70', '0x1601c08'), ('0x1602370', '0x1601df0'), ('0x1601df0', '0x1601b20'), ('0x16089b0', '0x1602067'), ('0x1601b70', '0x1601ce0'), ('0x1609680', '0x1609680'), ('0x1601b70', '0x1601c20'), ('0x1601700', '0x1601720'), ('0x16014b0', '0x1600370')},)
(['__cosrt_upcall_entry', 'custom_acquire_stack', 'cos_upcall_fn', 'libc_tls_init', 'cos_hw_cycles_per_usec', 'init_parallelism', '__cosrt_extern_init_parallel_await_init', '__cosrt_extern_init_done', 'prints.isra.0', 'strlen', 'cos_print_str', 'cos_init', 'printc', 'vsnprintf', 'vfprintf', 'printf_core', '__lockfile', '__towrite', 'printf_core', '__errno_location', '__errno_location', 'cos_print_str', '__cosrt_extern_pong_call', 'pong_ret', '__cosrt_extern_pong_arg', '__cosrt_extern_pong_args', '__cosrt_extern_pong_argsrets', 'pong_wideargs', '__cosrt_extern_pong_widerets', 'pong_wideargs', '__cosrt_extern_pong_widerets', '__cosrt_extern_pong_subset', 'pong_ids', 'cos_print_str', 'cos_print_str', 'cos_print_str', 'cos_print_str', 'cos_print_str', 'cos_print_str', '__cosrt_extern_init_done', 'prints.isra.0', 'strlen', 'cos_thd_entry_static', 'cos_print_str', 'prints.isra.0', 'strlen', 'cos_thd_entry_static', 'cos_print_str', 'prints.isra.0', 'strlen', 'cos_thd_entry_static', 'cos_print_str', 'cos_get_vas_page', 'cos_atomic_cmpxchg'],)
([0, -23175096, 23175144, -48, 0, 0, 0, 0, 32, -40, 8, 96, 320, -128, 128, -416, 0, 0, 496, -496, -1200, 1176, 24, 0, 0, 0, 0, 0, 0, 0, 0, 0, 0, 0, -16, 0, 0, 0, -72, 88, 32, -40, 24, -104, 120, -40, 24, -104, 120, -40, 24, -112, 120, 0],)
({('0x1601b70', '0x1601b70'), ('0x160c660', '0x160c901'), ('0x1600df0', '0x1601150'), ('0x1608450', '0x1601f92'), ('0x160c660', '0x160d85d'), ('0x1601150', '0x1601300'), ('0x1601d10', '0x1601b70'), ('0x1601720', '0x16020af'), ('0x1608450', '0x1601f07'), ('0x1609030', '0x160d9f0'), ('0x160ded0', '0x160daa4'), ('0x160d9f0', '0x160c660'), ('0x1609680', '0x160c8ab'), ('0x1601b20', '0x1608450'), ('0x1601ce0', '0x1609140'), ('0x1600c50', '0x1600fa0'), ('0x1601b70', '0x1601720'), ('0x1601b70', '0x1600770'), ('0x1601b70', '0x1601bef'), ('0x1601b70', '0x1601bf4'), ('0x1609680', '0x160c7f5'), ('0x16089b0', '0x1601700'), ('0x1609140', '0x1609168'), ('0x16014b0', '0x1601b70'), ('0x16089b0', '0x1601fe3'), ('0x1600ab0', '0x1600c50'), ('0x160ded0', '0x160db48'), ('0x1609680', '0x160db0b'), ('0x160ded0', '0x160dfb6'), ('0x160e050', '0x160c660'), ('0x1609680', '0x160c901'), ('0x1600000', '0x1600055'), ('0x160e050', '0x160dabe'), ('0x1601b20', '0x1601eed'), ('0x160c660', '0x1609680'), ('0x1609680', '0x160c8e3'), ('0x160c660', '0x160cbb2'), ('0x1601b20', '0x1601f5a'), ('0x1601300', '0x16014b0'), ('0x16000b0', '0x1600000'), ('0x1609140', '0x1609190'), ('0x1601720', '0x1601ce0'), ('0x1609680', '0x160cb67'), ('0x1600910', '0x1600ab0'), ('0x1600fa0', '0x1600df0'), ('0x1601150', '0x1600df0'), ('0x160c660', '0x160c6dd'), ('0x1609140', '0x16091b4'), ('0x1608450', '0x16084d0'), ('0x16023a0', '0x1602370'), ('0x1601df0', '0x1601e10'), ('0x1601b70', '0x16000b0'), ('0x160c660', '0x160c6c5'), ('0x1601b70', '0x1601ba8'), ('0x1609140', '0x1601b70'), ('0x1602150', '0x16023f0'), ('0x160ded0', '0x160e050'), ('0x160c660', '0x160ca29'), ('0x160c660', '0x160c6d0'), ('0x1609680', '0x1601b70'), ('0x1608450', '0x16089b0'), ('0x1601700', '0x1602008'), ('0x1601b70', '0x1601fe3'), ('0x16089b0', '0x16020c6'), ('0x1600770', '0x1600910'), ('0x1600000', '0x1609030'), ('0x160c660', '0x160ded0'), ('0x1601b70', '0x1601c08'), ('0x1602370', '0x1601df0'), ('0x1601df0', '0x1601b20'), ('0x16089b0', '0x1602067'), ('0x1601b70', '0x1601ce0'), ('0x1609680', '0x1609680'), ('0x1601b70', '0x1601c20'), ('0x1601700', '0x1601720'), ('0x16014b0', '0x1600370')},)
