This file contains any messages produced by compilers while
running configure, to aid debugging if configure makes a mistake.

It was created by package-unused configure version-unused, which was
generated by GNU Autoconf 2.64.  Invocation command line was

  $ ./configure 

## --------- ##
## Platform. ##
## --------- ##

hostname = ryx-laptop
uname -m = i686
uname -r = 2.6.36
uname -s = Linux
uname -v = #3 SMP Tue Nov 11 17:56:04 EST 2014

/usr/bin/uname -p = unknown
/bin/uname -X     = unknown

/bin/arch              = unknown
/usr/bin/arch -k       = unknown
/usr/convex/getsysinfo = unknown
/usr/bin/hostinfo      = unknown
/bin/machine           = unknown
/usr/bin/oslevel       = unknown
/bin/universe          = unknown

PATH: /usr/local/sbin
PATH: /usr/local/bin
PATH: /usr/sbin
PATH: /usr/bin
PATH: /sbin
PATH: /bin
PATH: /usr/games


## ----------- ##
## Core tests. ##
## ----------- ##

configure:2909: error: cannot find install-sh, install.sh, or shtool in "." "./.." "./../.."

## ---------------- ##
## Cache variables. ##
## ---------------- ##

ac_cv_env_CCC_set=
ac_cv_env_CCC_value=
ac_cv_env_CC_set=
ac_cv_env_CC_value=
ac_cv_env_CFLAGS_set=
ac_cv_env_CFLAGS_value=
ac_cv_env_CPPFLAGS_set=
ac_cv_env_CPPFLAGS_value=
ac_cv_env_CPP_set=
ac_cv_env_CPP_value=
ac_cv_env_CXXCPP_set=
ac_cv_env_CXXCPP_value=
ac_cv_env_CXXFILT_set=
ac_cv_env_CXXFILT_value=
ac_cv_env_CXXFLAGS_set=
ac_cv_env_CXXFLAGS_value=
ac_cv_env_CXX_set=
ac_cv_env_CXX_value=
ac_cv_env_LDFLAGS_set=
ac_cv_env_LDFLAGS_value=
ac_cv_env_LIBS_set=
ac_cv_env_LIBS_value=
ac_cv_env_build_alias_set=
ac_cv_env_build_alias_value=
ac_cv_env_host_alias_set=
ac_cv_env_host_alias_value=
ac_cv_env_target_alias_set=
ac_cv_env_target_alias_value=

## ----------------- ##
## Output variables. ##
## ----------------- ##

ABI_TWEAKS_SRCDIR=''
ACLOCAL=''
ALLOCATOR_H=''
ALLOCATOR_NAME=''
AMTAR=''
AR=''
AS=''
ATOMICITY_SRCDIR=''
ATOMIC_FLAGS=''
ATOMIC_WORD_SRCDIR=''
AUTOCONF=''
AUTOHEADER=''
AUTOMAKE=''
AWK=''
BASIC_FILE_CC=''
BASIC_FILE_H=''
BUILD_EPUB_FALSE=''
BUILD_EPUB_TRUE=''
BUILD_HTML_FALSE=''
BUILD_HTML_TRUE=''
BUILD_INFO_FALSE=''
BUILD_INFO_TRUE=''
BUILD_MAN_FALSE=''
BUILD_MAN_TRUE=''
BUILD_PDF_FALSE=''
BUILD_PDF_TRUE=''
BUILD_XML_FALSE=''
BUILD_XML_TRUE=''
CC=''
CCODECVT_CC=''
CCOLLATE_CC=''
CCTYPE_CC=''
CFLAGS=''
CLOCALE_CC=''
CLOCALE_H=''
CLOCALE_INTERNAL_H=''
CMESSAGES_CC=''
CMESSAGES_H=''
CMONEY_CC=''
CNUMERIC_CC=''
CPP=''
CPPFLAGS=''
CPU_DEFINES_SRCDIR=''
CPU_OPT_BITS_RANDOM=''
CPU_OPT_EXT_RANDOM=''
CSTDIO_H=''
CTIME_CC=''
CTIME_H=''
CXX=''
CXXCPP=''
CXXFILT=''
CXXFLAGS=''
CYGPATH_W=''
C_INCLUDE_DIR=''
DBLATEX=''
DEBUG_FLAGS=''
DEFS=''
DOT=''
DOXYGEN=''
DSYMUTIL=''
DUMPBIN=''
ECHO_C=''
ECHO_N='-n'
ECHO_T=''
EGREP=''
ENABLE_EXTERN_TEMPLATE_FALSE=''
ENABLE_EXTERN_TEMPLATE_TRUE=''
ENABLE_PYTHONDIR_FALSE=''
ENABLE_PYTHONDIR_TRUE=''
ENABLE_SYMVERS_DARWIN_FALSE=''
ENABLE_SYMVERS_DARWIN_TRUE=''
ENABLE_SYMVERS_FALSE=''
ENABLE_SYMVERS_GNU_FALSE=''
ENABLE_SYMVERS_GNU_NAMESPACE_FALSE=''
ENABLE_SYMVERS_GNU_NAMESPACE_TRUE=''
ENABLE_SYMVERS_GNU_TRUE=''
ENABLE_SYMVERS_SUN_FALSE=''
ENABLE_SYMVERS_SUN_TRUE=''
ENABLE_SYMVERS_TRUE=''
ENABLE_VISIBILITY_FALSE=''
ENABLE_VISIBILITY_TRUE=''
ENABLE_WERROR_FALSE=''
ENABLE_WERROR_TRUE=''
ERROR_CONSTANTS_SRCDIR=''
EXEEXT=''
EXTRA_CXX_FLAGS=''
FGREP=''
GLIBCXX_BUILD_DEBUG_FALSE=''
GLIBCXX_BUILD_DEBUG_TRUE=''
GLIBCXX_BUILD_PCH_FALSE=''
GLIBCXX_BUILD_PCH_TRUE=''
GLIBCXX_C_HEADERS_COMPATIBILITY_FALSE=''
GLIBCXX_C_HEADERS_COMPATIBILITY_TRUE=''
GLIBCXX_C_HEADERS_C_FALSE=''
GLIBCXX_C_HEADERS_C_GLOBAL_FALSE=''
GLIBCXX_C_HEADERS_C_GLOBAL_TRUE=''
GLIBCXX_C_HEADERS_C_STD_FALSE=''
GLIBCXX_C_HEADERS_C_STD_TRUE=''
GLIBCXX_C_HEADERS_C_TRUE=''
GLIBCXX_HOSTED_FALSE=''
GLIBCXX_HOSTED_TRUE=''
GLIBCXX_INCLUDES=''
GLIBCXX_LDBL_COMPAT_FALSE=''
GLIBCXX_LDBL_COMPAT_TRUE=''
GLIBCXX_LIBS=''
GREP=''
HWCAP_FLAGS=''
INSTALL_DATA=''
INSTALL_PROGRAM=''
INSTALL_SCRIPT=''
INSTALL_STRIP_PROGRAM=''
LD=''
LDFLAGS=''
LIBICONV=''
LIBOBJS=''
LIBS=''
LIBTOOL=''
LIPO=''
LN_S=''
LTLIBICONV=''
LTLIBOBJS=''
MAINT=''
MAINTAINER_MODE_FALSE=''
MAINTAINER_MODE_TRUE=''
MAKEINFO=''
MKDIR_P=''
NM=''
NMEDIT=''
OBJDUMP=''
OBJEXT=''
OPTIMIZE_CXXFLAGS=''
OPT_LDFLAGS=''
OS_INC_SRCDIR=''
OTOOL64=''
OTOOL=''
PACKAGE=''
PACKAGE_BUGREPORT=''
PACKAGE_NAME='package-unused'
PACKAGE_STRING='package-unused version-unused'
PACKAGE_TARNAME='libstdc++'
PACKAGE_URL=''
PACKAGE_VERSION='version-unused'
PATH_SEPARATOR=':'
PDFLATEX=''
RANLIB=''
SECTION_FLAGS=''
SECTION_LDFLAGS=''
SED=''
SET_MAKE=''
SHELL='/bin/bash'
STRIP=''
SYMVER_FILE=''
TOPLEVEL_INCLUDES=''
USE_NLS=''
VERSION=''
WARN_FLAGS=''
WERROR=''
XMLLINT=''
XSLTPROC=''
XSL_STYLE_DIR=''
ac_ct_CC=''
ac_ct_CXX=''
ac_ct_DUMPBIN=''
am__EXEEXT_FALSE=''
am__EXEEXT_TRUE=''
am__isrc=''
am__leading_dot=''
am__tar=''
am__untar=''
baseline_dir=''
baseline_subdir_switch=''
bindir='${exec_prefix}/bin'
build=''
build_alias=''
build_cpu=''
build_os=''
build_vendor=''
check_msgfmt=''
datadir='${datarootdir}'
datarootdir='${prefix}/share'
docdir='${datarootdir}/doc/${PACKAGE_TARNAME}'
dvidir='${docdir}'
enable_shared=''
enable_static=''
exec_prefix='NONE'
glibcxx_MOFILES=''
glibcxx_PCHFLAGS=''
glibcxx_POFILES=''
glibcxx_builddir=''
glibcxx_compiler_pic_flag=''
glibcxx_compiler_shared_flag=''
glibcxx_localedir=''
glibcxx_lt_pic_flag=''
glibcxx_prefixdir=''
glibcxx_srcdir=''
glibcxx_toolexecdir=''
glibcxx_toolexeclibdir=''
gxx_include_dir=''
host=''
host_alias=''
host_cpu=''
host_os=''
host_vendor=''
htmldir='${docdir}'
includedir='${prefix}/include'
infodir='${datarootdir}/info'
install_sh=''
libdir='${exec_prefix}/lib'
libexecdir='${exec_prefix}/libexec'
libtool_VERSION=''
localedir='${datarootdir}/locale'
localstatedir='${prefix}/var'
lt_host_flags=''
mandir='${datarootdir}/man'
mkdir_p=''
multi_basedir='./../..'
oldincludedir='/usr/include'
pdfdir='${docdir}'
port_specific_symbol_files=''
prefix='NONE'
program_transform_name='s,x,x,'
psdir='${docdir}'
python_mod_dir=''
sbindir='${exec_prefix}/sbin'
sharedstatedir='${prefix}/com'
sysconfdir='${prefix}/etc'
target=''
target_alias=''
target_cpu=''
target_os=''
target_vendor=''
thread_header=''
toplevel_builddir=''
toplevel_srcdir=''

## ----------- ##
## confdefs.h. ##
## ----------- ##

/* confdefs.h */
#define PACKAGE_NAME "package-unused"
#define PACKAGE_TARNAME "libstdc++"
#define PACKAGE_VERSION "version-unused"
#define PACKAGE_STRING "package-unused version-unused"
#define PACKAGE_BUGREPORT ""
#define PACKAGE_URL ""

configure: exit 1
